<?xml version="1.0" encoding="UTF-8"?>
<!-- Generated by org.testng.reporters.JUnitReportReporter -->
<testsuite hostname="Akki-PC" failures="0" tests="8" name="TestCases.CartPageTest" time="49.904" errors="0" timestamp="2023-01-14T08:04:02 IST" skipped="0">
  <testcase classname="TestCases.CartPageTest" name="verifyFacebookLogoTest" time="3.247"/>
  <system-out/>
  <testcase classname="TestCases.CartPageTest" name="verifyProductCountTest" time="11.169"/>
  <system-out/>
  <testcase classname="TestCases.CartPageTest" name="verifyLableTest" time="2.978"/>
  <system-out/>
  <testcase classname="TestCases.CartPageTest" name="verifyBigBotLogoTest" time="19.120"/>
  <system-out/>
  <testcase classname="TestCases.CartPageTest" name="verifyLinkedinLogoTest" time="3.608"/>
  <system-out/>
  <testcase classname="TestCases.CartPageTest" name="verifyTwitterLogoTest" time="3.254"/>
  <system-out/>
  <testcase classname="TestCases.CartPageTest" name="verifyUrlTest" time="3.320"/>
  <system-out/>
  <testcase classname="TestCases.CartPageTest" name="verifyMainLogoTest" time="3.208"/>
  <system-out/>
</testsuite> <!-- TestCases.CartPageTest -->
