<?xml version="1.0" encoding="UTF-8"?>
<!-- Generated by org.testng.reporters.JUnitReportReporter -->
<testsuite hostname="Akki-PC" failures="0" tests="1" name="TestCases.LoginPageTest" time="5.543" errors="0" timestamp="2023-02-14T10:57:02 IST" skipped="0">
  <testcase classname="TestCases.LoginPageTest" name="verifyTitleTest" time="5.543"/>
  <system-out/>
</testsuite> <!-- TestCases.LoginPageTest -->
